<?xml version="1.0" encoding="UTF-8"?>
<!-- Generated by org.testng.reporters.JUnitReportReporter -->
<testsuite hostname="HMS-Harish-QA" name="com.hms.test.admin.AdminAPI" tests="1" failures="0" timestamp="4 Jul 2018 11:48:44 GMT" time="0.165" errors="0">
  <testcase name="fn_GenerateGroupWsauthKey" time="0.165" classname="com.hms.test.admin.AdminAPI"/>
</testsuite> <!-- com.hms.test.admin.AdminAPI -->
