<?xml version="1.0" encoding="UTF-8"?>
<!-- Generated by org.testng.reporters.JUnitReportReporter -->
<testsuite hostname="HMS-Harish-QA" name="com.hms.test.web.WebAPI" tests="1" failures="0" timestamp="29 May 2018 10:57:03 GMT" time="9.037" errors="0">
  <testcase name="fn_CreateGroupHotelCRSReservationWithCreditCardPaymentMode" time="9.037" classname="com.hms.test.web.WebAPI"/>
</testsuite> <!-- com.hms.test.web.WebAPI -->
