<?xml version="1.0" encoding="UTF-8"?>
<!-- Generated by org.testng.reporters.JUnitReportReporter -->
<testsuite hostname="HMS-Harish-QA" name="com.hms.test.web.WebAPIScenario" tests="1" failures="0" timestamp="19 Jun 2018 05:46:15 GMT" time="26.333" errors="0">
  <testcase name="fn_CreateTACRSReservationWithCreditCardPaymentMode" time="26.333" classname="com.hms.test.web.WebAPIScenario"/>
</testsuite> <!-- com.hms.test.web.WebAPIScenario -->
