<?xml version="1.0" encoding="UTF-8"?>
<!-- Generated by org.testng.reporters.JUnitReportReporter -->
<testsuite hostname="HMS-Harish-QA" name="com.hotelogix.web.Wsauth" tests="1" failures="0" timestamp="16 Apr 2018 07:20:24 GMT" time="1.451" errors="0">
  <testcase name="fn_GetWsauthKey" time="1.451" classname="com.hotelogix.web.Wsauth"/>
</testsuite> <!-- com.hotelogix.web.Wsauth -->
